Doing density of states analysis based on trajectory.

++++ PLEASE READ AND CITE THE FOLLOWING REFERENCE ++++
T. A. Pascal and S. T. Lin and W. A. Goddard III
Thermodynamics of liquids: standard molar entropies and heat capacities of
common solvents from 2PT molecular dynamics
Phys. Chem. Chem. Phys. 13 (2011) pp. 169-181
-------- -------- --- Thank You --- -------- --------


++++ PLEASE READ AND CITE THE FOLLOWING REFERENCE ++++
C. Caleman and P. J. van Maaren and M. Hong and J. S. Hub and L. T. da Costa
and D. van der Spoel
Force Field Benchmark of Organic Liquids: Density, Enthalpy of Vaporization,
Heat Capacities, Surface Tension, Isothermal Compressibility, Volumetric
Expansion Coefficient, and Dielectric Constant
J. Chem. Theo. Comp. 8 (2012) pp. 61
-------- -------- --- Thank You --- -------- --------

System = "D2O Ice TIP4P/Ice at Titan Conditions"
Nmol = 432
Natom = 1728
dt = 0.0003 ps
tmass = 8649.5 amu
V = 13.9241 nm^3
rho = 1031.51 g/l
T = 298.15 K
beta = 0.403395 mol/kJ

DoS parameters
Delta = 0.00103696
fluidicity = 0.01476
hard sphere packing fraction = 53.7013
hard sphere compressibility = 1.03794
ideal gas entropy = 0.0538601
hard sphere entropy = -0.150061
sigma_HS = 0.938434 nm
DoS0 = 0.841928
Dos2 = 3.08382e+14
DoSTot = 1633.37
Diffusion coefficient from VACF 0.00648334 10^-5 cm^2/s
Diffusion coefficient from DoS 0.0201081 10^-5 cm^2/s
Heat capacity -nan J/mol K

Arrivederci!
