Doing density of states analysis based on trajectory.

++++ PLEASE READ AND CITE THE FOLLOWING REFERENCE ++++
T. A. Pascal and S. T. Lin and W. A. Goddard III
Thermodynamics of liquids: standard molar entropies and heat capacities of
common solvents from 2PT molecular dynamics
Phys. Chem. Chem. Phys. 13 (2011) pp. 169-181
-------- -------- --- Thank You --- -------- --------


++++ PLEASE READ AND CITE THE FOLLOWING REFERENCE ++++
C. Caleman and P. J. van Maaren and M. Hong and J. S. Hub and L. T. da Costa
and D. van der Spoel
Force Field Benchmark of Organic Liquids: Density, Enthalpy of Vaporization,
Heat Capacities, Surface Tension, Isothermal Compressibility, Volumetric
Expansion Coefficient, and Dielectric Constant
J. Chem. Theo. Comp. 8 (2012) pp. 61
-------- -------- --- Thank You --- -------- --------

System = "Methane system"
Nmol = 200
Natom = 1000
dt = 0.0005 ps
tmass = 3208.6 amu
V = 10.6697 nm^3
rho = 499.357 g/l
T = 298.15 K
beta = 0.403395 mol/kJ

DoS parameters
Delta = 0.0764184
fluidicity = 0.162593
hard sphere packing fraction = 3.10353
hard sphere compressibility = 1.73591
ideal gas entropy = 0.0362453
hard sphere entropy = 0.0153281
sigma_HS = 0.398416 nm
DoS0 = 31.5677
Dos2 = 4.1341e+14
DoSTot = 1886.47
Diffusion coefficient from VACF 1.97243 10^-5 cm^2/s
Diffusion coefficient from DoS 2.03243 10^-5 cm^2/s
Heat capacity -nan J/mol K

Arrivederci!
