Doing density of states analysis based on trajectory.

++++ PLEASE READ AND CITE THE FOLLOWING REFERENCE ++++
T. A. Pascal and S. T. Lin and W. A. Goddard III
Thermodynamics of liquids: standard molar entropies and heat capacities of
common solvents from 2PT molecular dynamics
Phys. Chem. Chem. Phys. 13 (2011) pp. 169-181
-------- -------- --- Thank You --- -------- --------


++++ PLEASE READ AND CITE THE FOLLOWING REFERENCE ++++
C. Caleman and P. J. van Maaren and M. Hong and J. S. Hub and L. T. da Costa
and D. van der Spoel
Force Field Benchmark of Organic Liquids: Density, Enthalpy of Vaporization,
Heat Capacities, Surface Tension, Isothermal Compressibility, Volumetric
Expansion Coefficient, and Dielectric Constant
J. Chem. Theo. Comp. 8 (2012) pp. 61
-------- -------- --- Thank You --- -------- --------

System = "Ice Ih 3x3x2 Supercell - TIP4P/Ice"
Nmol = 192
Natom = 768
dt = 0.0003 ps
tmass = 3458.96 amu
V = 5.76353 nm^3
rho = 996.566 g/l
T = 298.15 K
beta = 0.403395 mol/kJ

DoS parameters
Delta = 0.00107629
fluidicity = 0.0150824
hard sphere packing fraction = 52.4581
hard sphere compressibility = 1.03885
ideal gas entropy = 0.053089
hard sphere entropy = -0.147799
sigma_HS = 0.909314 nm
DoS0 = 0.35977
Dos2 = 1.27261e+14
DoSTot = 1087.58
Diffusion coefficient from VACF 0.00247974 10^-5 cm^2/s
Diffusion coefficient from DoS 0.0214866 10^-5 cm^2/s
Heat capacity -nan J/mol K

Arrivederci!
