Doing density of states analysis based on trajectory.

++++ PLEASE READ AND CITE THE FOLLOWING REFERENCE ++++
T. A. Pascal and S. T. Lin and W. A. Goddard III
Thermodynamics of liquids: standard molar entropies and heat capacities of
common solvents from 2PT molecular dynamics
Phys. Chem. Chem. Phys. 13 (2011) pp. 169-181
-------- -------- --- Thank You --- -------- --------


++++ PLEASE READ AND CITE THE FOLLOWING REFERENCE ++++
C. Caleman and P. J. van Maaren and M. Hong and J. S. Hub and L. T. da Costa
and D. van der Spoel
Force Field Benchmark of Organic Liquids: Density, Enthalpy of Vaporization,
Heat Capacities, Surface Tension, Isothermal Compressibility, Volumetric
Expansion Coefficient, and Dielectric Constant
J. Chem. Theo. Comp. 8 (2012) pp. 61
-------- -------- --- Thank You --- -------- --------

System = "Ice Ih 3x3x2 Supercell - TIP4P/Ice"
Nmol = 300
Natom = 1200
dt = 0.0005 ps
tmass = 5404.62 amu
V = 9.33956 nm^3
rho = 960.921 g/l
T = 298.15 K
beta = 0.403395 mol/kJ

DoS parameters
Delta = 0.00129731
fluidicity = 0.0168009
hard sphere packing fraction = 46.6049
hard sphere compressibility = 1.04383
ideal gas entropy = 0.0524946
hard sphere entropy = -0.132253
sigma_HS = 0.88483 nm
DoS0 = 0.685858
Dos2 = 1.34638e+14
DoSTot = 1711.09
Diffusion coefficient from VACF -0.00617856 10^-5 cm^2/s
Diffusion coefficient from DoS 0.0262154 10^-5 cm^2/s
Heat capacity -nan J/mol K

Arrivederci!
