Doing density of states analysis based on trajectory.

++++ PLEASE READ AND CITE THE FOLLOWING REFERENCE ++++
T. A. Pascal and S. T. Lin and W. A. Goddard III
Thermodynamics of liquids: standard molar entropies and heat capacities of
common solvents from 2PT molecular dynamics
Phys. Chem. Chem. Phys. 13 (2011) pp. 169-181
-------- -------- --- Thank You --- -------- --------


++++ PLEASE READ AND CITE THE FOLLOWING REFERENCE ++++
C. Caleman and P. J. van Maaren and M. Hong and J. S. Hub and L. T. da Costa
and D. van der Spoel
Force Field Benchmark of Organic Liquids: Density, Enthalpy of Vaporization,
Heat Capacities, Surface Tension, Isothermal Compressibility, Volumetric
Expansion Coefficient, and Dielectric Constant
J. Chem. Theo. Comp. 8 (2012) pp. 61
-------- -------- --- Thank You --- -------- --------

System = "Methane system"
Nmol = 200
Natom = 1000
dt = 0.005 ps
tmass = 3208.6 amu
V = 10.5124 nm^3
rho = 506.832 g/l
T = 298.15 K
beta = 0.403395 mol/kJ

DoS parameters
Delta = 0.0817972
fluidicity = 0.168471
hard sphere packing fraction = 2.95584
hard sphere compressibility = 1.75526
ideal gas entropy = 0.0358265
hard sphere entropy = 0.0158684
sigma_HS = 0.390057 nm
DoS0 = 33.6226
Dos2 = 6.05631e+12
DoSTot = 1892.1
Diffusion coefficient from VACF 1.55656 10^-5 cm^2/s
Diffusion coefficient from DoS 2.16473 10^-5 cm^2/s
Heat capacity 19.7667 J/mol K

Arrivederci!
