                :-) GROMACS - gmx mdrun, 2024.3-conda_forge (-:

Copyright 1991-2024 The GROMACS Authors.
GROMACS is free software; you can redistribute it and/or modify it
under the terms of the GNU Lesser General Public License
as published by the Free Software Foundation; either version 2.1
of the License, or (at your option) any later version.

                         Current GROMACS contributors:
       Mark Abraham           Andrey Alekseenko           Vladimir Basov      
      Cathrine Bergh            Eliane Briand               Ania Brown        
      Mahesh Doijade            Giacomo Fiorin          Stefan Fleischmann    
      Sergey Gorelov         Gilles Gouaillardet            Alan Gray         
     M. Eric Irrgang         Farzaneh Jalalypour            Joe Jordan        
     Carsten Kutzner           Justin A. Lemkul          Magnus Lundborg      
       Pascal Merz              Vedran Miletic            Dmitry Morozov      
       Julien Nabet              Szilard Pall        Andrea Pasquadibisceglie 
    Michele Pellegrino          Hubert Santuz             Roland Schulz       
     Tatiana Shugaeva          Alexey Shvetsov            Philip Turner       
     Alessandra Villa      Sebastian Wingbermuehle  

                         Previous GROMACS contributors:
        Emile Apol             Rossen Apostolov           James Barnett       
        Paul Bauer          Herman J.C. Berendsen          Par Bjelkmar       
      Christian Blau          Viacheslav Bolnykh            Kevin Boyd        
    Aldert van Buuren          Carlo Camilloni           Rudi van Drunen      
      Anton Feenstra           Oliver Fleetwood            Vytas Gapsys       
       Gaurav Garg             Gerrit Groenhof            Bert de Groot       
      Anca Hamuraru           Vincent Hindriksen          Victor Holanda      
     Aleksei Iupinov          Christoph Junghans        Prashanth Kanduri     
   Dimitrios Karkoulis           Peter Kasson             Sebastian Kehl      
     Sebastian Keller             Jiri Kraus               Per Larsson        
      Viveca Lindahl            Erik Marklund           Pieter Meulenhoff     
      Teemu Murtola              Sander Pronk             Michael Shirts      
      Alfons Sijbers            Balint Soproni         David van der Spoel    
      Peter Tieleman            Carsten Uphoff             Jon Vincent        
     Teemu Virolainen         Christian Wennberg           Maarten Wolf       
      Artem Zhmurov       

                  Coordinated by the GROMACS project leaders:
                           Berk Hess and Erik Lindahl

GROMACS:      gmx mdrun, version 2024.3-conda_forge
Executable:   /home/dragns/miniconda3/envs/md-intro-tutorial/bin.SSE2/gmx
Data prefix:  /home/dragns/miniconda3/envs/md-intro-tutorial
Working dir:  /home/dragns/gromacs/build/Titan/D2Oice
Process ID:   15370
Command line:
  gmx mdrun -deffnm em -ntmpi 1 -ntomp 1

GROMACS version:     2024.3-conda_forge
Precision:           mixed
Memory model:        64 bit
MPI library:         thread_mpi
OpenMP support:      enabled (GMX_OPENMP_MAX_THREADS = 128)
GPU support:         OpenCL
NBNxM GPU setup:     super-cluster 2x2x2 / cluster 8
SIMD instructions:   SSE2
CPU FFT library:     fftw-3.3.10-sse2-avx
GPU FFT library:     clFFT
Multi-GPU FFT:       none
RDTSCP usage:        disabled
TNG support:         enabled
Hwloc support:       disabled
Tracing support:     disabled
C compiler:          /home/conda/feedstock_root/build_artifacts/gromacs_1727605515830/_build_env/bin/x86_64-conda-linux-gnu-cc GNU 13.3.0
C compiler flags:    -fexcess-precision=fast -funroll-all-loops -msse2 -Wno-missing-field-initializers -O3 -DNDEBUG
C++ compiler:        /home/conda/feedstock_root/build_artifacts/gromacs_1727605515830/_build_env/bin/x86_64-conda-linux-gnu-c++ GNU 13.3.0
C++ compiler flags:  -fexcess-precision=fast -funroll-all-loops -msse2 -Wno-missing-field-initializers -Wno-cast-function-type-strict SHELL:-fopenmp -O3 -DNDEBUG
BLAS library:        Internal
LAPACK library:      Internal
OpenCL include dir:  /home/dragns/miniconda3/envs/md-intro-tutorial/include
OpenCL library:      /home/dragns/miniconda3/envs/md-intro-tutorial/lib/libOpenCL.so
OpenCL version:      3.0


Running on 1 node with total 10 cores, 10 processing units (GPU detection failed)
Hardware detected on host dragns-VirtualBox:
  CPU info:
    Vendor: Intel
    Brand:  12th Gen Intel(R) Core(TM) i9-12900KF
    Family: 6   Model: 151   Stepping: 2
    Features: aes apic clfsh cmov cx8 cx16 intel lahf mmx msr nonstop_tsc pcid pclmuldq popcnt pse rdrnd rdtscp sse2 sse3 sse4.1 sse4.2 ssse3
  Hardware topology: Basic
    Packages, cores, and logical processors:
    [indices refer to OS logical processors]
      Package  0: [   0] [   1] [   2] [   3] [   4] [   5] [   6] [   7] [   8] [   9]
    CPU limit set by OS: -1   Recommended max number of threads: 10

Likely fastest SIMD instructions supported by all nodes: SSE4.1
SIMD instructions selected at compile time:              SSE2

The current CPU can measure timings more accurately than the code in
gmx mdrun was configured to use. This might affect your simulation
speed as accurate timings are needed for load-balancing.
Please consider rebuilding gmx mdrun with the GMX_USE_RDTSCP=ON CMake option.

++++ PLEASE READ AND CITE THE FOLLOWING REFERENCE ++++
M. J. Abraham, T. Murtola, R. Schulz, S. Páll, J. C. Smith, B. Hess, E.
Lindahl
GROMACS: High performance molecular simulations through multi-level
parallelism from laptops to supercomputers
SoftwareX 1 (2015) pp. 19-25
-------- -------- --- Thank You --- -------- --------


++++ PLEASE READ AND CITE THE FOLLOWING REFERENCE ++++
S. Páll, M. J. Abraham, C. Kutzner, B. Hess, E. Lindahl
Tackling Exascale Software Challenges in Molecular Dynamics Simulations with
GROMACS
In S. Markidis & E. Laure (Eds.), Solving Software Challenges for Exascale 8759 (2015) pp. 3-27
-------- -------- --- Thank You --- -------- --------


++++ PLEASE READ AND CITE THE FOLLOWING REFERENCE ++++
S. Pronk, S. Páll, R. Schulz, P. Larsson, P. Bjelkmar, R. Apostolov, M. R.
Shirts, J. C. Smith, P. M. Kasson, D. van der Spoel, B. Hess, and E. Lindahl
GROMACS 4.5: a high-throughput and highly parallel open source molecular
simulation toolkit
Bioinformatics 29 (2013) pp. 845-54
-------- -------- --- Thank You --- -------- --------


++++ PLEASE READ AND CITE THE FOLLOWING REFERENCE ++++
B. Hess and C. Kutzner and D. van der Spoel and E. Lindahl
GROMACS 4: Algorithms for highly efficient, load-balanced, and scalable
molecular simulation
J. Chem. Theory Comput. 4 (2008) pp. 435-447
-------- -------- --- Thank You --- -------- --------


++++ PLEASE READ AND CITE THE FOLLOWING REFERENCE ++++
D. van der Spoel, E. Lindahl, B. Hess, G. Groenhof, A. E. Mark and H. J. C.
Berendsen
GROMACS: Fast, Flexible and Free
J. Comp. Chem. 26 (2005) pp. 1701-1719
-------- -------- --- Thank You --- -------- --------


++++ PLEASE READ AND CITE THE FOLLOWING REFERENCE ++++
E. Lindahl and B. Hess and D. van der Spoel
GROMACS 3.0: A package for molecular simulation and trajectory analysis
J. Mol. Mod. 7 (2001) pp. 306-317
-------- -------- --- Thank You --- -------- --------


++++ PLEASE READ AND CITE THE FOLLOWING REFERENCE ++++
H. J. C. Berendsen, D. van der Spoel and R. van Drunen
GROMACS: A message-passing parallel molecular dynamics implementation
Comp. Phys. Comm. 91 (1995) pp. 43-56
-------- -------- --- Thank You --- -------- --------

Input Parameters:
   integrator                     = steep
   tinit                          = 0
   dt                             = 0.001
   nsteps                         = 50000
   init-step                      = 0
   simulation-part                = 1
   mts                            = false
   mass-repartition-factor        = 1
   comm-mode                      = Linear
   nstcomm                        = 100
   bd-fric                        = 0
   ld-seed                        = 1878940659
   emtol                          = 1
   emstep                         = 0.01
   niter                          = 20
   fcstep                         = 0
   nstcgsteep                     = 1000
   nbfgscorr                      = 10
   rtpi                           = 0.05
   nstxout                        = 1000
   nstvout                        = 0
   nstfout                        = 0
   nstlog                         = 100
   nstcalcenergy                  = 100
   nstenergy                      = 100
   nstxout-compressed             = 0
   compressed-x-precision         = 1000
   cutoff-scheme                  = Verlet
   nstlist                        = 1
   pbc                            = xyz
   periodic-molecules             = false
   verlet-buffer-tolerance        = 0.005
   verlet-buffer-pressure-tolerance = 0.5
   rlist                          = 1
   coulombtype                    = PME
   coulomb-modifier               = Potential-shift
   rcoulomb-switch                = 0
   rcoulomb                       = 1
   epsilon-r                      = 1
   epsilon-rf                     = inf
   vdw-type                       = Cut-off
   vdw-modifier                   = Potential-shift
   rvdw-switch                    = 0
   rvdw                           = 1
   DispCorr                       = EnerPres
   table-extension                = 1
   fourierspacing                 = 0.12
   fourier-nx                     = 20
   fourier-ny                     = 20
   fourier-nz                     = 24
   pme-order                      = 4
   ewald-rtol                     = 1e-05
   ewald-rtol-lj                  = 0.001
   lj-pme-comb-rule               = Geometric
   ewald-geometry                 = 3d
   epsilon-surface                = 0
   ensemble-temperature-setting   = not available
   tcoupl                         = No
   nsttcouple                     = -1
   nh-chain-length                = 0
   print-nose-hoover-chain-variables = false
   pcoupl                         = No
   refcoord-scaling               = No
   posres-com (3):
      posres-com[0]= 0.00000e+00
      posres-com[1]= 0.00000e+00
      posres-com[2]= 0.00000e+00
   posres-comB (3):
      posres-comB[0]= 0.00000e+00
      posres-comB[1]= 0.00000e+00
      posres-comB[2]= 0.00000e+00
   QMMM                           = false
qm-opts:
   ngQM                           = 0
   constraint-algorithm           = Lincs
   continuation                   = false
   Shake-SOR                      = false
   shake-tol                      = 0.0001
   lincs-order                    = 4
   lincs-iter                     = 1
   lincs-warnangle                = 30
   nwall                          = 0
   wall-type                      = 9-3
   wall-r-linpot                  = -1
   wall-atomtype[0]               = -1
   wall-atomtype[1]               = -1
   wall-density[0]                = 0
   wall-density[1]                = 0
   wall-ewald-zfac                = 3
   pull                           = false
   awh                            = false
   rotation                       = false
   interactiveMD                  = false
   disre                          = No
   disre-weighting                = Conservative
   disre-mixed                    = false
   dr-fc                          = 1000
   dr-tau                         = 0
   nstdisreout                    = 100
   orire-fc                       = 0
   orire-tau                      = 0
   nstorireout                    = 100
   free-energy                    = no
   cos-acceleration               = 0
   deform (3x3):
      deform[    0]={ 0.00000e+00,  0.00000e+00,  0.00000e+00}
      deform[    1]={ 0.00000e+00,  0.00000e+00,  0.00000e+00}
      deform[    2]={ 0.00000e+00,  0.00000e+00,  0.00000e+00}
   simulated-tempering            = false
   swapcoords                     = no
   userint1                       = 0
   userint2                       = 0
   userint3                       = 0
   userint4                       = 0
   userreal1                      = 0
   userreal2                      = 0
   userreal3                      = 0
   userreal4                      = 0
   applied-forces:
     electric-field:
       x:
         E0                       = 0
         omega                    = 0
         t0                       = 0
         sigma                    = 0
       y:
         E0                       = 0
         omega                    = 0
         t0                       = 0
         sigma                    = 0
       z:
         E0                       = 0
         omega                    = 0
         t0                       = 0
         sigma                    = 0
     density-guided-simulation:
       active                     = false
       group                      = protein
       similarity-measure         = inner-product
       atom-spreading-weight      = unity
       force-constant             = 1e+09
       gaussian-transform-spreading-width = 0.2
       gaussian-transform-spreading-range-in-multiples-of-width = 4
       reference-density-filename = reference.mrc
       nst                        = 1
       normalize-densities        = true
       adaptive-force-scaling     = false
       adaptive-force-scaling-time-constant = 4
       shift-vector               = 
       transformation-matrix      = 
     qmmm-cp2k:
       active                     = false
       qmgroup                    = System
       qmmethod                   = PBE
       qmfilenames                = 
       qmcharge                   = 0
       qmmultiplicity             = 1
     colvars:
       active                     = false
       configfile                 = 
       seed                       = -1
grpopts:
   nrdf:        2589
   ref-t:           0
   tau-t:           0
annealing:          No
annealing-npoints:           0
   acc:	           0           0           0
   nfreeze:           N           N           N
   energygrp-flags[  0]: 0


When checking whether update groups are usable:
  The combination of rlist and box size prohibits the use of update groups

Initializing Domain Decomposition on 1 ranks
NOTE: disabling dynamic load balancing as it is only supported with dynamics, not with integrator 'steep'.
Dynamic load balancing: off
Minimum cell size due to atom displacement: 0.000 nm
Initial maximum distances in bonded interactions:
    two-body bonded interactions: 0.152 nm, Exclusion, atoms 1338 1339
Minimum cell size due to bonded interactions: 0.000 nm
Maximum distance for 5 constraints, at 120 deg. angles, all-trans: 0.343 nm
Estimated maximum distance required for P-LINCS: 0.343 nm
This distance will limit the DD cell size, you can override this with -rcon
Using 0 separate PME ranks because: there are too few total ranks for efficient splitting
Optimizing the DD grid for 1 cells with a minimum initial size of 0.343 nm
The maximum allowed number of cells is: X 6 Y 6 Z 7
Domain decomposition grid 1 x 1 x 1, separate PME ranks 0
PME domain decomposition: 1 x 1 x 1

The initial number of communication pulses is:
The initial domain decomposition cell size is:

The maximum allowed distance for atoms involved in interactions is:
                 non-bonded interactions           1.000 nm
            two-body bonded interactions  (-rdd)   1.000 nm
          multi-body bonded interactions  (-rdd)   1.000 nm
              virtual site constructions  (-rcon)  2.206 nm
  atoms separated by up to 5 constraints  (-rcon)  2.206 nm

Using 1 MPI thread
Using 1 OpenMP thread 

System total charge: 0.000
Will do PME sum in reciprocal space for electrostatic interactions.

++++ PLEASE READ AND CITE THE FOLLOWING REFERENCE ++++
U. Essmann, L. Perera, M. L. Berkowitz, T. Darden, H. Lee and L. G. Pedersen 
A smooth particle mesh Ewald method
J. Chem. Phys. 103 (1995) pp. 8577-8592
-------- -------- --- Thank You --- -------- --------

Using a Gaussian width (1/beta) of 0.320163 nm for Ewald
Potential shift: LJ r^-12: -1.000e+00 r^-6: -1.000e+00, Ewald -1.000e-05
Initialized non-bonded Coulomb Ewald tables, spacing: 9.33e-04 size: 1073

Long Range LJ corr.: <C6> 2.2243e-04


Using SIMD4xM 4x4 nonbonded short-range kernels

Using a 4x4 pair-list setup:
  updated every 1 steps, buffer 0.000 nm, rlist 1.000 nm

Using Geometric Lennard-Jones combination rule
Removing pbc first time

Linking all bonded interactions to atoms
There are 432 inter update-group virtual sites,
will perform an extra communication step for selected coordinates and forces


NOTE: Thread affinity was not set.

Initializing Parallel LINear Constraint Solver

++++ PLEASE READ AND CITE THE FOLLOWING REFERENCE ++++
B. Hess
P-LINCS: A Parallel Linear Constraint Solver for molecular simulation
J. Chem. Theory Comput. 4 (2008) pp. 116-122
-------- -------- --- Thank You --- -------- --------

The number of constraints is 1296
There are constraints between atoms in different decomposition domains,
will communicate selected coordinates each lincs iteration
1296 constraints are involved in constraint triangles,
will apply an additional matrix expansion of order 4 for couplings
between constraints inside triangles

Note that activating steepest-descent energy minimization via the integrator .mdp option and the command gmx mdrun may be available in a different form in a future version of GROMACS, e.g. gmx minimize and an .mdp option.
Initiating Steepest Descents

Atom distribution over 1 domains: av 1728 stddev 0 min 1728 max 1728
Started Steepest Descents on rank 0 Fri Jan 30 10:58:05 2026


Steepest Descents:
   Tolerance (Fmax)   =  1.00000e+00
   Number of steps    =        50000
           Step           Time
              0        0.00000

   Energies (kJ/mol)
        LJ (SR)  Disper. corr.   Coulomb (SR)   Coul. recip.      Potential
    7.10662e+03   -1.98022e+02   -3.65999e+04    7.52494e+00   -2.96838e+04
 Pres. DC (bar) Pressure (bar)   Constr. rmsd
   -2.34507e+02   -3.12577e+03    9.15586e-07

           Step           Time
              1        1.00000

           Step           Time
              2        2.00000

   Energies (kJ/mol)
        LJ (SR)  Disper. corr.   Coulomb (SR)   Coul. recip.      Potential
    7.09173e+03   -1.98022e+02   -3.65970e+04    8.48037e+00   -2.96948e+04
 Pres. DC (bar) Pressure (bar)   Constr. rmsd
   -2.34507e+02   -3.19024e+03    5.52868e-06

           Step           Time
              3        3.00000

           Step           Time
              4        4.00000

   Energies (kJ/mol)
        LJ (SR)  Disper. corr.   Coulomb (SR)   Coul. recip.      Potential
    7.08524e+03   -1.98022e+02   -3.66121e+04    7.15545e+00   -2.97177e+04
 Pres. DC (bar) Pressure (bar)   Constr. rmsd
   -2.34507e+02   -3.24075e+03    1.87679e-06

           Step           Time
              5        5.00000

           Step           Time
              6        6.00000

   Energies (kJ/mol)
        LJ (SR)  Disper. corr.   Coulomb (SR)   Coul. recip.      Potential
    7.08236e+03   -1.98022e+02   -3.66105e+04    7.51780e+00   -2.97186e+04
 Pres. DC (bar) Pressure (bar)   Constr. rmsd
   -2.34507e+02   -3.25176e+03    1.31587e-06

           Step           Time
              7        7.00000

   Energies (kJ/mol)
        LJ (SR)  Disper. corr.   Coulomb (SR)   Coul. recip.      Potential
    7.08199e+03   -1.98022e+02   -3.66122e+04    7.30420e+00   -2.97209e+04
 Pres. DC (bar) Pressure (bar)   Constr. rmsd
   -2.34507e+02   -3.24927e+03    1.21294e-06

           Step           Time
              8        8.00000

           Step           Time
              9        9.00000

   Energies (kJ/mol)
        LJ (SR)  Disper. corr.   Coulomb (SR)   Coul. recip.      Potential
    7.07962e+03   -1.98022e+02   -3.66124e+04    7.11350e+00   -2.97237e+04
 Pres. DC (bar) Pressure (bar)   Constr. rmsd
   -2.34507e+02   -3.26406e+03    9.59072e-07

           Step           Time
             10       10.00000

           Step           Time
             11       11.00000

   Energies (kJ/mol)
        LJ (SR)  Disper. corr.   Coulomb (SR)   Coul. recip.      Potential
    7.07884e+03   -1.98022e+02   -3.66125e+04    7.09850e+00   -2.97246e+04
 Pres. DC (bar) Pressure (bar)   Constr. rmsd
   -2.34507e+02   -3.26491e+03    9.85294e-07

           Step           Time
             12       12.00000

   Energies (kJ/mol)
        LJ (SR)  Disper. corr.   Coulomb (SR)   Coul. recip.      Potential
    7.07748e+03   -1.98022e+02   -3.66117e+04    7.14340e+00   -2.97251e+04
 Pres. DC (bar) Pressure (bar)   Constr. rmsd
   -2.34507e+02   -3.27023e+03    9.55222e-07

           Step           Time
             13       13.00000

   Energies (kJ/mol)
        LJ (SR)  Disper. corr.   Coulomb (SR)   Coul. recip.      Potential
    7.07694e+03   -1.98022e+02   -3.66116e+04    7.13459e+00   -2.97256e+04
 Pres. DC (bar) Pressure (bar)   Constr. rmsd
   -2.34507e+02   -3.26956e+03    9.83228e-07

           Step           Time
             14       14.00000

   Energies (kJ/mol)
        LJ (SR)  Disper. corr.   Coulomb (SR)   Coul. recip.      Potential
    7.07581e+03   -1.98022e+02   -3.66106e+04    7.21970e+00   -2.97256e+04
 Pres. DC (bar) Pressure (bar)   Constr. rmsd
   -2.34507e+02   -3.27435e+03    1.02970e-06

           Step           Time
             15       15.00000

   Energies (kJ/mol)
        LJ (SR)  Disper. corr.   Coulomb (SR)   Coul. recip.      Potential
    7.07541e+03   -1.98022e+02   -3.66104e+04    7.21708e+00   -2.97258e+04
 Pres. DC (bar) Pressure (bar)   Constr. rmsd
   -2.34507e+02   -3.27260e+03    1.04817e-06

           Step           Time
             16       16.00000

           Step           Time
             17       17.00000

   Energies (kJ/mol)
        LJ (SR)  Disper. corr.   Coulomb (SR)   Coul. recip.      Potential
    7.07419e+03   -1.98022e+02   -3.66107e+04    7.07069e+00   -2.97275e+04
 Pres. DC (bar) Pressure (bar)   Constr. rmsd
   -2.34507e+02   -3.28039e+03    9.16061e-07

           Step           Time
             18       18.00000

   Energies (kJ/mol)
        LJ (SR)  Disper. corr.   Coulomb (SR)   Coul. recip.      Potential
    7.07264e+03   -1.98022e+02   -3.66096e+04    7.13284e+00   -2.97279e+04
 Pres. DC (bar) Pressure (bar)   Constr. rmsd
   -2.34507e+02   -3.28317e+03    1.32130e-06

           Step           Time
             19       19.00000

           Step           Time
             20       20.00000

   Energies (kJ/mol)
        LJ (SR)  Disper. corr.   Coulomb (SR)   Coul. recip.      Potential
    7.07186e+03   -1.98022e+02   -3.66095e+04    7.06427e+00   -2.97286e+04
 Pres. DC (bar) Pressure (bar)   Constr. rmsd
   -2.34507e+02   -3.28745e+03    9.07081e-07

           Step           Time
             21       21.00000

   Energies (kJ/mol)
        LJ (SR)  Disper. corr.   Coulomb (SR)   Coul. recip.      Potential
    7.07069e+03   -1.98022e+02   -3.66088e+04    7.08248e+00   -2.97291e+04
 Pres. DC (bar) Pressure (bar)   Constr. rmsd
   -2.34507e+02   -3.29034e+03    1.13002e-06

           Step           Time
             22       22.00000

           Step           Time
             23       23.00000

   Energies (kJ/mol)
        LJ (SR)  Disper. corr.   Coulomb (SR)   Coul. recip.      Potential
    7.07010e+03   -1.98022e+02   -3.66086e+04    7.06119e+00   -2.97294e+04
 Pres. DC (bar) Pressure (bar)   Constr. rmsd
   -2.34507e+02   -3.29288e+03    9.10279e-07

           Step           Time
             24       24.00000

   Energies (kJ/mol)
        LJ (SR)  Disper. corr.   Coulomb (SR)   Coul. recip.      Potential
    7.06927e+03   -1.98022e+02   -3.66080e+04    7.06337e+00   -2.97297e+04
 Pres. DC (bar) Pressure (bar)   Constr. rmsd
   -2.34507e+02   -3.29503e+03    1.03691e-06

           Step           Time
             25       25.00000

   Energies (kJ/mol)
        LJ (SR)  Disper. corr.   Coulomb (SR)   Coul. recip.      Potential
    7.06843e+03   -1.98022e+02   -3.66074e+04    7.08997e+00   -2.97299e+04
 Pres. DC (bar) Pressure (bar)   Constr. rmsd
   -2.34507e+02   -3.29770e+03    1.03572e-06

           Step           Time
             26       26.00000

   Energies (kJ/mol)
        LJ (SR)  Disper. corr.   Coulomb (SR)   Coul. recip.      Potential
    7.06786e+03   -1.98022e+02   -3.66069e+04    7.08769e+00   -2.97300e+04
 Pres. DC (bar) Pressure (bar)   Constr. rmsd
   -2.34507e+02   -3.29873e+03    9.55077e-07

           Step           Time
             27       27.00000

           Step           Time
             28       28.00000

   Energies (kJ/mol)
        LJ (SR)  Disper. corr.   Coulomb (SR)   Coul. recip.      Potential
    7.06734e+03   -1.98022e+02   -3.66068e+04    7.05405e+00   -2.97304e+04
 Pres. DC (bar) Pressure (bar)   Constr. rmsd
   -2.34507e+02   -3.30122e+03    9.39113e-07

           Step           Time
             29       29.00000

   Energies (kJ/mol)
        LJ (SR)  Disper. corr.   Coulomb (SR)   Coul. recip.      Potential
    7.06645e+03   -1.98022e+02   -3.66062e+04    7.05538e+00   -2.97307e+04
 Pres. DC (bar) Pressure (bar)   Constr. rmsd
   -2.34507e+02   -3.30378e+03    1.05332e-06

           Step           Time
             30       30.00000

   Energies (kJ/mol)
        LJ (SR)  Disper. corr.   Coulomb (SR)   Coul. recip.      Potential
    7.06557e+03   -1.98022e+02   -3.66055e+04    7.08249e+00   -2.97309e+04
 Pres. DC (bar) Pressure (bar)   Constr. rmsd
   -2.34507e+02   -3.30639e+03    1.07145e-06

           Step           Time
             31       31.00000

   Energies (kJ/mol)
        LJ (SR)  Disper. corr.   Coulomb (SR)   Coul. recip.      Potential
    7.06505e+03   -1.98022e+02   -3.66051e+04    7.08499e+00   -2.97310e+04
 Pres. DC (bar) Pressure (bar)   Constr. rmsd
   -2.34507e+02   -3.30743e+03    9.91878e-07

           Step           Time
             32       32.00000

   Energies (kJ/mol)
        LJ (SR)  Disper. corr.   Coulomb (SR)   Coul. recip.      Potential
    7.06448e+03   -1.98022e+02   -3.66046e+04    7.11353e+00   -2.97310e+04
 Pres. DC (bar) Pressure (bar)   Constr. rmsd
   -2.34507e+02   -3.30925e+03    9.82302e-07

           Step           Time
             33       33.00000

           Step           Time
             34       34.00000

   Energies (kJ/mol)
        LJ (SR)  Disper. corr.   Coulomb (SR)   Coul. recip.      Potential
    7.06403e+03   -1.98022e+02   -3.66046e+04    7.04933e+00   -2.97315e+04
 Pres. DC (bar) Pressure (bar)   Constr. rmsd
   -2.34507e+02   -3.31138e+03    8.97998e-07

           Step           Time
             35       35.00000

   Energies (kJ/mol)
        LJ (SR)  Disper. corr.   Coulomb (SR)   Coul. recip.      Potential
    7.06302e+03   -1.98022e+02   -3.66039e+04    7.05794e+00   -2.97319e+04
 Pres. DC (bar) Pressure (bar)   Constr. rmsd
   -2.34507e+02   -3.31438e+03    1.19023e-06

           Step           Time
             36       36.00000

           Step           Time
             37       37.00000

   Energies (kJ/mol)
        LJ (SR)  Disper. corr.   Coulomb (SR)   Coul. recip.      Potential
    7.06263e+03   -1.98022e+02   -3.66036e+04    7.05010e+00   -2.97319e+04
 Pres. DC (bar) Pressure (bar)   Constr. rmsd
   -2.34507e+02   -3.31561e+03    9.55789e-07

           Step           Time
             38       38.00000

   Energies (kJ/mol)
        LJ (SR)  Disper. corr.   Coulomb (SR)   Coul. recip.      Potential
    7.06200e+03   -1.98022e+02   -3.66031e+04    7.05797e+00   -2.97321e+04
 Pres. DC (bar) Pressure (bar)   Constr. rmsd
   -2.34507e+02   -3.31751e+03    1.02977e-06

           Step           Time
             39       39.00000

   Energies (kJ/mol)
        LJ (SR)  Disper. corr.   Coulomb (SR)   Coul. recip.      Potential
    7.06153e+03   -1.98022e+02   -3.66027e+04    7.05988e+00   -2.97322e+04
 Pres. DC (bar) Pressure (bar)   Constr. rmsd
   -2.34507e+02   -3.31870e+03    9.59980e-07

           Step           Time
             40       40.00000

   Energies (kJ/mol)
        LJ (SR)  Disper. corr.   Coulomb (SR)   Coul. recip.      Potential
    7.06103e+03   -1.98022e+02   -3.66023e+04    7.07396e+00   -2.97322e+04
 Pres. DC (bar) Pressure (bar)   Constr. rmsd
   -2.34507e+02   -3.32022e+03    9.64737e-07

           Step           Time
             41       41.00000

           Step           Time
             42       42.00000

   Energies (kJ/mol)
        LJ (SR)  Disper. corr.   Coulomb (SR)   Coul. recip.      Potential
    7.06073e+03   -1.98022e+02   -3.66022e+04    7.04634e+00   -2.97325e+04
 Pres. DC (bar) Pressure (bar)   Constr. rmsd
   -2.34507e+02   -3.32143e+03    9.11675e-07

           Step           Time
             43       43.00000

   Energies (kJ/mol)
        LJ (SR)  Disper. corr.   Coulomb (SR)   Coul. recip.      Potential
    7.06007e+03   -1.98022e+02   -3.66017e+04    7.04759e+00   -2.97326e+04
 Pres. DC (bar) Pressure (bar)   Constr. rmsd
   -2.34507e+02   -3.32342e+03    1.04920e-06

           Step           Time
             44       44.00000

   Energies (kJ/mol)
        LJ (SR)  Disper. corr.   Coulomb (SR)   Coul. recip.      Potential
    7.05941e+03   -1.98022e+02   -3.66012e+04    7.05398e+00   -2.97328e+04
 Pres. DC (bar) Pressure (bar)   Constr. rmsd
   -2.34507e+02   -3.32535e+03    1.10671e-06

           Step           Time
             45       45.00000

           Step           Time
             46       46.00000

   Energies (kJ/mol)
        LJ (SR)  Disper. corr.   Coulomb (SR)   Coul. recip.      Potential
    7.05911e+03   -1.98022e+02   -3.66010e+04    7.04665e+00   -2.97329e+04
 Pres. DC (bar) Pressure (bar)   Constr. rmsd
   -2.34507e+02   -3.32642e+03    9.82376e-07

           Step           Time
             47       47.00000

   Energies (kJ/mol)
        LJ (SR)  Disper. corr.   Coulomb (SR)   Coul. recip.      Potential
    7.05864e+03   -1.98022e+02   -3.66007e+04    7.04752e+00   -2.97330e+04
 Pres. DC (bar) Pressure (bar)   Constr. rmsd
   -2.34507e+02   -3.32788e+03    9.89663e-07

           Step           Time
             48       48.00000

   Energies (kJ/mol)
        LJ (SR)  Disper. corr.   Coulomb (SR)   Coul. recip.      Potential
    7.05812e+03   -1.98022e+02   -3.66003e+04    7.05575e+00   -2.97331e+04
 Pres. DC (bar) Pressure (bar)   Constr. rmsd
   -2.34507e+02   -3.32925e+03    1.03403e-06

           Step           Time
             49       49.00000

           Step           Time
             50       50.00000

   Energies (kJ/mol)
        LJ (SR)  Disper. corr.   Coulomb (SR)   Coul. recip.      Potential
    7.05791e+03   -1.98022e+02   -3.66001e+04    7.04433e+00   -2.97331e+04
 Pres. DC (bar) Pressure (bar)   Constr. rmsd
   -2.34507e+02   -3.33000e+03    8.91298e-07

           Step           Time
             51       51.00000

   Energies (kJ/mol)
        LJ (SR)  Disper. corr.   Coulomb (SR)   Coul. recip.      Potential
    7.05748e+03   -1.98022e+02   -3.65998e+04    7.04438e+00   -2.97333e+04
 Pres. DC (bar) Pressure (bar)   Constr. rmsd
   -2.34507e+02   -3.33141e+03    9.46051e-07

           Step           Time
             52       52.00000

   Energies (kJ/mol)
        LJ (SR)  Disper. corr.   Coulomb (SR)   Coul. recip.      Potential
    7.05700e+03   -1.98022e+02   -3.65994e+04    7.04459e+00   -2.97334e+04
 Pres. DC (bar) Pressure (bar)   Constr. rmsd
   -2.34507e+02   -3.33283e+03    1.04626e-06

           Step           Time
             53       53.00000

   Energies (kJ/mol)
        LJ (SR)  Disper. corr.   Coulomb (SR)   Coul. recip.      Potential
    7.05643e+03   -1.98022e+02   -3.65989e+04    7.05038e+00   -2.97335e+04
 Pres. DC (bar) Pressure (bar)   Constr. rmsd
   -2.34507e+02   -3.33449e+03    1.08201e-06

           Step           Time
             54       54.00000

           Step           Time
             55       55.00000

   Energies (kJ/mol)
        LJ (SR)  Disper. corr.   Coulomb (SR)   Coul. recip.      Potential
    7.05622e+03   -1.98022e+02   -3.65988e+04    7.04382e+00   -2.97335e+04
 Pres. DC (bar) Pressure (bar)   Constr. rmsd
   -2.34507e+02   -3.33515e+03    9.54918e-07

           Step           Time
             56       56.00000

   Energies (kJ/mol)
        LJ (SR)  Disper. corr.   Coulomb (SR)   Coul. recip.      Potential
    7.05582e+03   -1.98022e+02   -3.65985e+04    7.04484e+00   -2.97336e+04
 Pres. DC (bar) Pressure (bar)   Constr. rmsd
   -2.34507e+02   -3.33639e+03    9.88471e-07

           Step           Time
             57       57.00000

   Energies (kJ/mol)
        LJ (SR)  Disper. corr.   Coulomb (SR)   Coul. recip.      Potential
    7.05545e+03   -1.98022e+02   -3.65982e+04    7.04718e+00   -2.97337e+04
 Pres. DC (bar) Pressure (bar)   Constr. rmsd
   -2.34507e+02   -3.33751e+03    1.00447e-06

           Step           Time
             58       58.00000

           Step           Time
             59       59.00000

   Energies (kJ/mol)
        LJ (SR)  Disper. corr.   Coulomb (SR)   Coul. recip.      Potential
    7.05524e+03   -1.98022e+02   -3.65980e+04    7.04320e+00   -2.97337e+04
 Pres. DC (bar) Pressure (bar)   Constr. rmsd
   -2.34507e+02   -3.33812e+03    9.31253e-07

           Step           Time
             60       60.00000

   Energies (kJ/mol)
        LJ (SR)  Disper. corr.   Coulomb (SR)   Coul. recip.      Potential
    7.05493e+03   -1.98022e+02   -3.65978e+04    7.04319e+00   -2.97338e+04
 Pres. DC (bar) Pressure (bar)   Constr. rmsd
   -2.34507e+02   -3.33910e+03    9.21513e-07

           Step           Time
             61       61.00000

   Energies (kJ/mol)
        LJ (SR)  Disper. corr.   Coulomb (SR)   Coul. recip.      Potential
    7.05455e+03   -1.98022e+02   -3.65975e+04    7.04449e+00   -2.97339e+04
 Pres. DC (bar) Pressure (bar)   Constr. rmsd
   -2.34507e+02   -3.34024e+03    1.02358e-06

           Step           Time
             62       62.00000

   Energies (kJ/mol)
        LJ (SR)  Disper. corr.   Coulomb (SR)   Coul. recip.      Potential
    7.05423e+03   -1.98022e+02   -3.65972e+04    7.04766e+00   -2.97339e+04
 Pres. DC (bar) Pressure (bar)   Constr. rmsd
   -2.34507e+02   -3.34117e+03    1.00202e-06

           Step           Time
             63       63.00000

           Step           Time
             64       64.00000

   Energies (kJ/mol)
        LJ (SR)  Disper. corr.   Coulomb (SR)   Coul. recip.      Potential
    7.05404e+03   -1.98022e+02   -3.65970e+04    7.04244e+00   -2.97340e+04
 Pres. DC (bar) Pressure (bar)   Constr. rmsd
   -2.34507e+02   -3.34179e+03    9.12411e-07

           Step           Time
             65       65.00000

   Energies (kJ/mol)
        LJ (SR)  Disper. corr.   Coulomb (SR)   Coul. recip.      Potential
    7.05375e+03   -1.98022e+02   -3.65968e+04    7.04258e+00   -2.97341e+04
 Pres. DC (bar) Pressure (bar)   Constr. rmsd
   -2.34507e+02   -3.34275e+03    9.75920e-07

           Step           Time
             66       66.00000

   Energies (kJ/mol)
        LJ (SR)  Disper. corr.   Coulomb (SR)   Coul. recip.      Potential
    7.05340e+03   -1.98022e+02   -3.65965e+04    7.04411e+00   -2.97341e+04
 Pres. DC (bar) Pressure (bar)   Constr. rmsd
   -2.34507e+02   -3.34392e+03    1.02423e-06

           Step           Time
             67       67.00000

           Step           Time
             68       68.00000

   Energies (kJ/mol)
        LJ (SR)  Disper. corr.   Coulomb (SR)   Coul. recip.      Potential
    7.05324e+03   -1.98022e+02   -3.65964e+04    7.04183e+00   -2.97341e+04
 Pres. DC (bar) Pressure (bar)   Constr. rmsd
   -2.34507e+02   -3.34442e+03    9.58052e-07

           Step           Time
             69       69.00000

   Energies (kJ/mol)
        LJ (SR)  Disper. corr.   Coulomb (SR)   Coul. recip.      Potential
    7.05299e+03   -1.98022e+02   -3.65962e+04    7.04168e+00   -2.97342e+04
 Pres. DC (bar) Pressure (bar)   Constr. rmsd
   -2.34507e+02   -3.34520e+03    9.20057e-07

           Step           Time
             70       70.00000

   Energies (kJ/mol)
        LJ (SR)  Disper. corr.   Coulomb (SR)   Coul. recip.      Potential
    7.05271e+03   -1.98022e+02   -3.65959e+04    7.04190e+00   -2.97342e+04
 Pres. DC (bar) Pressure (bar)   Constr. rmsd
   -2.34507e+02   -3.34601e+03    1.00424e-06

           Step           Time
             71       71.00000

   Energies (kJ/mol)
        LJ (SR)  Disper. corr.   Coulomb (SR)   Coul. recip.      Potential
    7.05238e+03   -1.98022e+02   -3.65957e+04    7.04339e+00   -2.97343e+04
 Pres. DC (bar) Pressure (bar)   Constr. rmsd
   -2.34507e+02   -3.34697e+03    1.06352e-06

           Step           Time
             72       72.00000

   Energies (kJ/mol)
        LJ (SR)  Disper. corr.   Coulomb (SR)   Coul. recip.      Potential
    7.05211e+03   -1.98022e+02   -3.65954e+04    7.04850e+00   -2.97343e+04
 Pres. DC (bar) Pressure (bar)   Constr. rmsd
   -2.34507e+02   -3.34772e+03    1.03739e-06

           Step           Time
             73       73.00000

           Step           Time
             74       74.00000

   Energies (kJ/mol)
        LJ (SR)  Disper. corr.   Coulomb (SR)   Coul. recip.      Potential
    7.05195e+03   -1.98022e+02   -3.65953e+04    7.04115e+00   -2.97343e+04
 Pres. DC (bar) Pressure (bar)   Constr. rmsd
   -2.34507e+02   -3.34828e+03    9.10216e-07

           Step           Time
             75       75.00000

   Energies (kJ/mol)
        LJ (SR)  Disper. corr.   Coulomb (SR)   Coul. recip.      Potential
    7.05169e+03   -1.98022e+02   -3.65951e+04    7.04168e+00   -2.97344e+04
 Pres. DC (bar) Pressure (bar)   Constr. rmsd
   -2.34507e+02   -3.34910e+03    9.93895e-07

           Step           Time
             76       76.00000

   Energies (kJ/mol)
        LJ (SR)  Disper. corr.   Coulomb (SR)   Coul. recip.      Potential
    7.05138e+03   -1.98022e+02   -3.65949e+04    7.04399e+00   -2.97345e+04
 Pres. DC (bar) Pressure (bar)   Constr. rmsd
   -2.34507e+02   -3.34997e+03    1.08228e-06

           Step           Time
             77       77.00000

           Step           Time
             78       78.00000

   Energies (kJ/mol)
        LJ (SR)  Disper. corr.   Coulomb (SR)   Coul. recip.      Potential
    7.05126e+03   -1.98022e+02   -3.65948e+04    7.04087e+00   -2.97345e+04
 Pres. DC (bar) Pressure (bar)   Constr. rmsd
   -2.34507e+02   -3.35040e+03    9.17748e-07

           Step           Time
             79       79.00000

   Energies (kJ/mol)
        LJ (SR)  Disper. corr.   Coulomb (SR)   Coul. recip.      Potential
    7.05104e+03   -1.98022e+02   -3.65946e+04    7.04080e+00   -2.97345e+04
 Pres. DC (bar) Pressure (bar)   Constr. rmsd
   -2.34507e+02   -3.35106e+03    9.92855e-07

           Step           Time
             80       80.00000

   Energies (kJ/mol)
        LJ (SR)  Disper. corr.   Coulomb (SR)   Coul. recip.      Potential
    7.05080e+03   -1.98022e+02   -3.65944e+04    7.04165e+00   -2.97346e+04
 Pres. DC (bar) Pressure (bar)   Constr. rmsd
   -2.34507e+02   -3.35176e+03    9.59856e-07

           Step           Time
             81       81.00000

   Energies (kJ/mol)
        LJ (SR)  Disper. corr.   Coulomb (SR)   Coul. recip.      Potential
    7.05053e+03   -1.98022e+02   -3.65941e+04    7.04513e+00   -2.97346e+04
 Pres. DC (bar) Pressure (bar)   Constr. rmsd
   -2.34507e+02   -3.35251e+03    1.07886e-06

           Step           Time
             82       82.00000

           Step           Time
             83       83.00000

           Step           Time
             84       84.00000

           Step           Time
             85       85.00000

           Step           Time
             86       86.00000

           Step           Time
             87       87.00000

           Step           Time
             88       88.00000

           Step           Time
             89       89.00000

           Step           Time
             90       90.00000

           Step           Time
             91       91.00000


Energy minimization has stopped, but the forces have not converged to the
requested precision Fmax < 1 (which may not be possible for your system). It
stopped because the algorithm tried to make a new step whose size was too
small, or there was no change in the energy since last step. Either way, we
regard the minimization as converged to within the available machine
precision, given your starting configuration and EM parameters.

Double precision normally gives you higher accuracy, but this is often not
needed for preparing to run molecular dynamics.
You might need to increase your constraint accuracy, or turn
off constraints altogether (set constraints = none in mdp file)

Steepest Descents converged to machine precision in 92 steps,
but did not reach the requested Fmax < 1.
Potential Energy  = -2.9734596e+04
Maximum force     =  2.7955868e+01 on atom 557
Norm of force     =  1.1523499e+01

    D O M A I N   D E C O M P O S I T I O N   S T A T I S T I C S

 av. #atoms communicated per step for force:  2 x 0.0
 av. #atoms communicated per step for vsites: 3 x 0.0
 av. #atoms communicated per step for LINCS:  2 x 0.0

Finished mdrun on rank 0 Fri Jan 30 10:58:06 2026

