Doing density of states analysis based on trajectory.

++++ PLEASE READ AND CITE THE FOLLOWING REFERENCE ++++
T. A. Pascal and S. T. Lin and W. A. Goddard III
Thermodynamics of liquids: standard molar entropies and heat capacities of
common solvents from 2PT molecular dynamics
Phys. Chem. Chem. Phys. 13 (2011) pp. 169-181
-------- -------- --- Thank You --- -------- --------


++++ PLEASE READ AND CITE THE FOLLOWING REFERENCE ++++
C. Caleman and P. J. van Maaren and M. Hong and J. S. Hub and L. T. da Costa
and D. van der Spoel
Force Field Benchmark of Organic Liquids: Density, Enthalpy of Vaporization,
Heat Capacities, Surface Tension, Isothermal Compressibility, Volumetric
Expansion Coefficient, and Dielectric Constant
J. Chem. Theo. Comp. 8 (2012) pp. 61
-------- -------- --- Thank You --- -------- --------

System = "Methane system"
Nmol = 200
Natom = 1000
dt = 0.001 ps
tmass = 3208.6 amu
V = 10.4811 nm^3
rho = 508.345 g/l
T = 298.15 K
beta = 0.403395 mol/kJ

DoS parameters
Delta = 0.0651288
fluidicity = 0.149501
hard sphere packing fraction = 3.47781
hard sphere compressibility = 1.67569
ideal gas entropy = 0.036795
hard sphere entropy = 0.0134886
sigma_HS = 0.411375 nm
DoS0 = 26.7445
Dos2 = 1.38291e+14
DoSTot = 1888.02
Diffusion coefficient from VACF 1.59992 10^-5 cm^2/s
Diffusion coefficient from DoS 1.7219 10^-5 cm^2/s
Heat capacity -nan J/mol K

Arrivederci!
