Doing density of states analysis based on trajectory.

++++ PLEASE READ AND CITE THE FOLLOWING REFERENCE ++++
T. A. Pascal and S. T. Lin and W. A. Goddard III
Thermodynamics of liquids: standard molar entropies and heat capacities of
common solvents from 2PT molecular dynamics
Phys. Chem. Chem. Phys. 13 (2011) pp. 169-181
-------- -------- --- Thank You --- -------- --------


++++ PLEASE READ AND CITE THE FOLLOWING REFERENCE ++++
C. Caleman and P. J. van Maaren and M. Hong and J. S. Hub and L. T. da Costa
and D. van der Spoel
Force Field Benchmark of Organic Liquids: Density, Enthalpy of Vaporization,
Heat Capacities, Surface Tension, Isothermal Compressibility, Volumetric
Expansion Coefficient, and Dielectric Constant
J. Chem. Theo. Comp. 8 (2012) pp. 61
-------- -------- --- Thank You --- -------- --------

System = "Methane system"
Nmol = 200
Natom = 1000
dt = 0.004 ps
tmass = 3208.6 amu
V = 10.5001 nm^3
rho = 507.425 g/l
T = 298.15 K
beta = 0.403395 mol/kJ

DoS parameters
Delta = 0.0749166
fluidicity = 0.160914
hard sphere packing fraction = 3.14793
hard sphere compressibility = 1.72931
ideal gas entropy = 0.0361983
hard sphere entropy = 0.0149929
sigma_HS = 0.398174 nm
DoS0 = 30.7824
Dos2 = 9.27559e+12
DoSTot = 1891.26
Diffusion coefficient from VACF 1.49509 10^-5 cm^2/s
Diffusion coefficient from DoS 1.98187 10^-5 cm^2/s
Heat capacity 18.5853 J/mol K

Arrivederci!
